2018-05-26 00:33:21.933  INFO LAPTOP-Q6DTTC2R --- [           main] c.e.d.StudentApplication                 : Starting StudentApplication on LAPTOP-Q6DTTC2R with PID 16696 (C:\Users\Suman\eclipse-workspace\Student\target\classes started by Suman in C:\Users\Suman\eclipse-workspace\Student)
2018-05-26 00:33:21.942 DEBUG LAPTOP-Q6DTTC2R --- [           main] c.e.d.StudentApplication                 : Running with Spring Boot v2.0.2.RELEASE, Spring v5.0.6.RELEASE
2018-05-26 00:33:21.943  INFO LAPTOP-Q6DTTC2R --- [           main] c.e.d.StudentApplication                 : No active profile set, falling back to default profiles: default
2018-05-26 00:33:21.995  INFO LAPTOP-Q6DTTC2R --- [           main] ConfigServletWebServerApplicationContext : Refreshing org.springframework.boot.web.servlet.context.AnnotationConfigServletWebServerApplicationContext@6bb75258: startup date [Sat May 26 00:33:21 IST 2018]; root of context hierarchy
2018-05-26 00:33:23.108  INFO LAPTOP-Q6DTTC2R --- [           main] trationDelegate$BeanPostProcessorChecker : Bean 'org.springframework.transaction.annotation.ProxyTransactionManagementConfiguration' of type [org.springframework.transaction.annotation.ProxyTransactionManagementConfiguration$$EnhancerBySpringCGLIB$$ff907d46] is not eligible for getting processed by all BeanPostProcessors (for example: not eligible for auto-proxying)
2018-05-26 00:33:23.420  INFO LAPTOP-Q6DTTC2R --- [           main] o.s.b.w.e.t.TomcatWebServer              : Tomcat initialized with port(s): 8081 (http)
2018-05-26 00:33:23.448  INFO LAPTOP-Q6DTTC2R --- [           main] o.a.c.h.Http11NioProtocol                : Initializing ProtocolHandler ["http-nio-8081"]
2018-05-26 00:33:23.463  INFO LAPTOP-Q6DTTC2R --- [           main] o.a.c.c.StandardService                  : Starting service [Tomcat]
2018-05-26 00:33:23.464  INFO LAPTOP-Q6DTTC2R --- [           main] o.a.c.c.StandardEngine                   : Starting Servlet Engine: Apache Tomcat/8.5.31
2018-05-26 00:33:23.470  INFO LAPTOP-Q6DTTC2R --- [ost-startStop-1] o.a.c.c.AprLifecycleListener             : The APR based Apache Tomcat Native library which allows optimal performance in production environments was not found on the java.library.path: [C:\Program Files\Java\jre-10.0.1\bin;C:\WINDOWS\Sun\Java\bin;C:\WINDOWS\system32;C:\WINDOWS;C:\Program Files (x86)\Common Files\Oracle\Java\javapath;C:\Program Files (x86)\Intel\Intel(R) Management Engine Components\iCLS\;C:\Program Files\Intel\Intel(R) Management Engine Components\iCLS\;C:\ProgramData\Oracle\Java\javapath;C:\Windows\system32;C:\Windows;C:\Windows\System32\Wbem;C:\Windows\System32\WindowsPowerShell\v1.0\;C:\Program Files (x86)\NVIDIA Corporation\PhysX\Common;C:\Program Files\nodejs\;C:\Program Files\Git\cmd;C:\WINDOWS\system32;C:\WINDOWS;C:\WINDOWS\System32\Wbem;C:\WINDOWS\System32\WindowsPowerShell\v1.0\;C:\Program Files\RedHat\java-1.8.0-openjdk-1.8.0.161-1\bin;C:\Program Files\PuTTY\;C:\Program Files (x86)\Intel\Intel(R) Management Engine Components\DAL;C:\Program Files\Intel\Intel(R) Management Engine Components\DAL;C:\Program Files (x86)\Intel\Intel(R) Management Engine Components\IPT;C:\Program Files\Intel\Intel(R) Management Engine Components\IPT;C:\Users\Suman\apache-maven-3.5.3\bin;C:\Users\Suman\AppData\Roaming\npm;C:\Program Files\Microsoft VS Code\bin;C:\Program Files\Heroku\bin;C:\Users\Suman\AppData\Local\Microsoft\WindowsApps;;.]
2018-05-26 00:33:23.584  INFO LAPTOP-Q6DTTC2R --- [ost-startStop-1] o.a.c.c.C.[.[.[/]                        : Initializing Spring embedded WebApplicationContext
2018-05-26 00:33:23.585  INFO LAPTOP-Q6DTTC2R --- [ost-startStop-1] o.s.w.c.ContextLoader                    : Root WebApplicationContext: initialization completed in 1595 ms
2018-05-26 00:33:23.732  INFO LAPTOP-Q6DTTC2R --- [ost-startStop-1] o.s.b.w.s.ServletRegistrationBean        : Servlet dispatcherServlet mapped to [/]
2018-05-26 00:33:23.736  INFO LAPTOP-Q6DTTC2R --- [ost-startStop-1] o.s.b.w.s.FilterRegistrationBean         : Mapping filter: 'characterEncodingFilter' to: [/*]
2018-05-26 00:33:23.736  INFO LAPTOP-Q6DTTC2R --- [ost-startStop-1] o.s.b.w.s.FilterRegistrationBean         : Mapping filter: 'hiddenHttpMethodFilter' to: [/*]
2018-05-26 00:33:23.736  INFO LAPTOP-Q6DTTC2R --- [ost-startStop-1] o.s.b.w.s.FilterRegistrationBean         : Mapping filter: 'httpPutFormContentFilter' to: [/*]
2018-05-26 00:33:23.737  INFO LAPTOP-Q6DTTC2R --- [ost-startStop-1] o.s.b.w.s.FilterRegistrationBean         : Mapping filter: 'requestContextFilter' to: [/*]
2018-05-26 00:33:23.862  INFO LAPTOP-Q6DTTC2R --- [           main] c.z.h.HikariDataSource                   : HikariPool-1 - Starting...
2018-05-26 00:33:23.973  INFO LAPTOP-Q6DTTC2R --- [           main] c.z.h.HikariDataSource                   : HikariPool-1 - Start completed.
2018-05-26 00:33:24.014  INFO LAPTOP-Q6DTTC2R --- [           main] j.LocalContainerEntityManagerFactoryBean : Building JPA container EntityManagerFactory for persistence unit 'default'
2018-05-26 00:33:24.025  INFO LAPTOP-Q6DTTC2R --- [           main] o.h.j.i.u.LogHelper                      : HHH000204: Processing PersistenceUnitInfo [
	name: default
	...]
2018-05-26 00:33:24.108  INFO LAPTOP-Q6DTTC2R --- [           main] o.h.Version                              : HHH000412: Hibernate Core {5.2.17.Final}
2018-05-26 00:33:24.110  INFO LAPTOP-Q6DTTC2R --- [           main] o.h.c.Environment                        : HHH000206: hibernate.properties not found
2018-05-26 00:33:24.164  INFO LAPTOP-Q6DTTC2R --- [           main] o.h.a.c.Version                          : HCANN000001: Hibernate Commons Annotations {5.0.1.Final}
2018-05-26 00:33:24.361  INFO LAPTOP-Q6DTTC2R --- [           main] o.h.d.Dialect                            : HHH000400: Using dialect: org.hibernate.dialect.PostgreSQL95Dialect
2018-05-26 00:33:24.568  INFO LAPTOP-Q6DTTC2R --- [           main] o.h.e.j.e.i.LobCreatorBuilderImpl        : HHH000424: Disabling contextual LOB creation as createClob() method threw error : java.lang.reflect.InvocationTargetException
2018-05-26 00:33:24.570  INFO LAPTOP-Q6DTTC2R --- [           main] o.h.t.BasicTypeRegistry                  : HHH000270: Type registration [java.util.UUID] overrides previous : org.hibernate.type.UUIDBinaryType@16681017
2018-05-26 00:33:25.169  INFO LAPTOP-Q6DTTC2R --- [           main] j.LocalContainerEntityManagerFactoryBean : Initialized JPA EntityManagerFactory for persistence unit 'default'
2018-05-26 00:33:25.644  INFO LAPTOP-Q6DTTC2R --- [           main] o.s.w.s.h.SimpleUrlHandlerMapping        : Mapped URL path [/**/favicon.ico] onto handler of type [class org.springframework.web.servlet.resource.ResourceHttpRequestHandler]
2018-05-26 00:33:26.006  INFO LAPTOP-Q6DTTC2R --- [           main] s.w.s.m.m.a.RequestMappingHandlerAdapter : Looking for @ControllerAdvice: org.springframework.boot.web.servlet.context.AnnotationConfigServletWebServerApplicationContext@6bb75258: startup date [Sat May 26 00:33:21 IST 2018]; root of context hierarchy
2018-05-26 00:33:26.054  WARN LAPTOP-Q6DTTC2R --- [           main] aWebConfiguration$JpaWebMvcConfiguration : spring.jpa.open-in-view is enabled by default. Therefore, database queries may be performed during view rendering. Explicitly configure spring.jpa.open-in-view to disable this warning
2018-05-26 00:33:26.105  INFO LAPTOP-Q6DTTC2R --- [           main] s.w.s.m.m.a.RequestMappingHandlerMapping : Mapped "{[/rest/student/],methods=[GET]}" onto private java.util.List<com.example.demo.model.Student> com.example.demo.controller.StudentController.getAllStudents()
2018-05-26 00:33:26.111  INFO LAPTOP-Q6DTTC2R --- [           main] s.w.s.m.m.a.RequestMappingHandlerMapping : Mapped "{[/rest/student/],methods=[POST]}" onto private com.example.demo.model.Student com.example.demo.controller.StudentController.addStudent(com.example.demo.model.Student)
2018-05-26 00:33:26.112  INFO LAPTOP-Q6DTTC2R --- [           main] s.w.s.m.m.a.RequestMappingHandlerMapping : Mapped "{[/rest/student/{id}],methods=[GET]}" onto private java.util.Optional<com.example.demo.model.Student> com.example.demo.controller.StudentController.getStudent(long) throws java.lang.Exception
2018-05-26 00:33:26.115  INFO LAPTOP-Q6DTTC2R --- [           main] s.w.s.m.m.a.RequestMappingHandlerMapping : Mapped "{[/error]}" onto public org.springframework.http.ResponseEntity<java.util.Map<java.lang.String, java.lang.Object>> org.springframework.boot.autoconfigure.web.servlet.error.BasicErrorController.error(javax.servlet.http.HttpServletRequest)
2018-05-26 00:33:26.116  INFO LAPTOP-Q6DTTC2R --- [           main] s.w.s.m.m.a.RequestMappingHandlerMapping : Mapped "{[/error],produces=[text/html]}" onto public org.springframework.web.servlet.ModelAndView org.springframework.boot.autoconfigure.web.servlet.error.BasicErrorController.errorHtml(javax.servlet.http.HttpServletRequest,javax.servlet.http.HttpServletResponse)
2018-05-26 00:33:26.150  INFO LAPTOP-Q6DTTC2R --- [           main] o.s.w.s.h.SimpleUrlHandlerMapping        : Mapped URL path [/webjars/**] onto handler of type [class org.springframework.web.servlet.resource.ResourceHttpRequestHandler]
2018-05-26 00:33:26.151  INFO LAPTOP-Q6DTTC2R --- [           main] o.s.w.s.h.SimpleUrlHandlerMapping        : Mapped URL path [/**] onto handler of type [class org.springframework.web.servlet.resource.ResourceHttpRequestHandler]
2018-05-26 00:33:26.545  INFO LAPTOP-Q6DTTC2R --- [           main] o.s.j.e.a.AnnotationMBeanExporter        : Registering beans for JMX exposure on startup
2018-05-26 00:33:26.549  INFO LAPTOP-Q6DTTC2R --- [           main] o.s.j.e.a.AnnotationMBeanExporter        : Bean with name 'dataSource' has been autodetected for JMX exposure
2018-05-26 00:33:26.557  INFO LAPTOP-Q6DTTC2R --- [           main] o.s.j.e.a.AnnotationMBeanExporter        : Located MBean 'dataSource': registering with JMX server as MBean [com.zaxxer.hikari:name=dataSource,type=HikariDataSource]
2018-05-26 00:33:26.574  INFO LAPTOP-Q6DTTC2R --- [           main] o.a.c.h.Http11NioProtocol                : Starting ProtocolHandler ["http-nio-8081"]
2018-05-26 00:33:26.591  INFO LAPTOP-Q6DTTC2R --- [           main] o.a.t.u.n.NioSelectorPool                : Using a shared selector for servlet write/read
2018-05-26 00:33:26.615  INFO LAPTOP-Q6DTTC2R --- [           main] o.s.b.w.e.t.TomcatWebServer              : Tomcat started on port(s): 8081 (http) with context path ''
2018-05-26 00:33:26.620  INFO LAPTOP-Q6DTTC2R --- [           main] c.e.d.StudentApplication                 : Started StudentApplication in 5.016 seconds (JVM running for 6.256)
2018-05-26 00:33:26.622 DEBUG LAPTOP-Q6DTTC2R --- [           main] c.e.d.StudentApplication                 : Debugging log
2018-05-26 00:33:26.622  INFO LAPTOP-Q6DTTC2R --- [           main] c.e.d.StudentApplication                 : Info log
2018-05-26 00:33:26.622  WARN LAPTOP-Q6DTTC2R --- [           main] c.e.d.StudentApplication                 : Hey, This is a warning!
2018-05-26 00:33:26.622 ERROR LAPTOP-Q6DTTC2R --- [           main] c.e.d.StudentApplication                 : Oops! We have an Error. OK
2018-05-26 00:33:26.622 FATAL LAPTOP-Q6DTTC2R --- [           main] c.e.d.StudentApplication                 : Damn! Fatal error. Please fix me.
2018-05-26 00:34:20.642  INFO LAPTOP-Q6DTTC2R --- [n(10)-127.0.0.1] inMXBeanRegistrar$SpringApplicationAdmin : Application shutdown requested.
2018-05-26 00:34:20.642  INFO LAPTOP-Q6DTTC2R --- [n(10)-127.0.0.1] ConfigServletWebServerApplicationContext : Closing org.springframework.boot.web.servlet.context.AnnotationConfigServletWebServerApplicationContext@6bb75258: startup date [Sat May 26 00:33:21 IST 2018]; root of context hierarchy
2018-05-26 00:34:20.644  INFO LAPTOP-Q6DTTC2R --- [n(10)-127.0.0.1] o.s.j.e.a.AnnotationMBeanExporter        : Unregistering JMX-exposed beans on shutdown
2018-05-26 00:34:20.645  INFO LAPTOP-Q6DTTC2R --- [n(10)-127.0.0.1] o.s.j.e.a.AnnotationMBeanExporter        : Unregistering JMX-exposed beans
2018-05-26 00:34:20.646  INFO LAPTOP-Q6DTTC2R --- [n(10)-127.0.0.1] j.LocalContainerEntityManagerFactoryBean : Closing JPA EntityManagerFactory for persistence unit 'default'
2018-05-26 00:34:20.647  INFO LAPTOP-Q6DTTC2R --- [n(10)-127.0.0.1] c.z.h.HikariDataSource                   : HikariPool-1 - Shutdown initiated...
2018-05-26 00:34:20.656  INFO LAPTOP-Q6DTTC2R --- [n(10)-127.0.0.1] c.z.h.HikariDataSource                   : HikariPool-1 - Shutdown completed.
